Arguments: 
  /usr/local/bin/node /usr/local/bin/yarn add jsonfile --save

PATH: 
  /usr/local/bin:/usr/bin:/bin:/usr/sbin:/sbin

Yarn version: 
  0.27.5

Node version: 
  8.2.1

Platform: 
  darwin x64

npm manifest: 
  {
    "name": "erp",
    "version": "1.0.0",
    "description": "erp前端",
    "main": "index.js",
    "scripts": {
      "checkinfo": "node ./scripts/heckinfo.js",
      "eslint": "node ./scripts/eslintCheck.js",
      "precommit-msg": "echo 'Pre-commit checks...' && exit 0",
      "dev": "cross-env NODE_ENV=develop node app.js --colors ",
      "preBuild": "rm -r -f dist && cross-env NODE_ENV=preProd webpack -p --colors && npm run deployDev",
      "build": "rm -r -f dist && cross-env NODE_ENV=prod webpack -p --colors && npm run deployProd",
      "deployDev": "cross-env NODE_ENV=test node ./scripts/deployOss.js",
      "deployProd": "cross-env NODE_ENV=prod node ./scripts/deployOss.js",
      "fastCommitVm": "node ./scripts/commitVm.js --should-message ",
      "commitVm": "node ./scripts/commitVm.js --should-checkout --should-message ",
      "fastDeployBackEnd": "wait ..."
    },
    "pre-commit": [
      "precommit-msg",
      "eslint"
    ],
    "author": "ZWL",
    "license": "ISC",
    "dependencies": {
      "antd": "2.7.2",
      "cheerio": "^1.0.0-rc.1",
      "console-polyfill": "^0.2.3",
      "es5-shim": "^4.5.9",
      "es6-promise": "^4.0.5",
      "fbemitter": "^2.0.2",
      "highcharts": "^v4.2.6",
      "isomorphic-fetch": "^2.2.1",
      "jquery": "^3.1.1",
      "lodash": "^4.17.4",
      "mobx": "^3.0.0",
      "mobx-react": "^4.1.0",
      "mobx-react-devtools": "^4.2.11",
      "moment": "^2.18.1",
      "object-assign": "^4.1.0",
      "react": "^0.14.8",
      "react-dom": "^0.14.8",
      "react-redux": "^4.4.7",
      "redux": "^3.6.0",
      "redux-thunk": "^2.1.0",
      "request": "^2.81.0",
      "ssh2": "^0.5.2",
      "webpack": "^1.13.1"
    },
    "devDependencies": {
      "ali-oss": "^4.8.0",
      "autoprefixer-loader": "^3.2.0",
      "babel-core": "^6.13.2",
      "babel-eslint": "^7.2.3",
      "babel-loader": "^6.2.4",
      "babel-plugin-antd": "^0.4.1",
      "babel-plugin-react-transform": "^2.0.2",
      "babel-plugin-transform-decorators-legacy": "^1.3.4",
      "babel-plugin-transform-object-assign": "^6.8.0",
      "babel-plugin-transform-runtime": "^6.23.0",
      "babel-preset-es2015": "^6.9.0",
      "babel-preset-react": "^6.5.0",
      "babel-preset-react-hmre": "^1.1.1",
      "babel-preset-stage-0": "^6.16.0",
      "babel-preset-stage-1": "^6.5.0",
      "babel-preset-stage-3": "^6.22.0",
      "chalk": "^1.1.3",
      "cheerio": "^0.22.0",
      "chunk-manifest-webpack-plugin": "^0.1.0",
      "co": "^4.6.0",
      "co-prompt": "^1.0.0",
      "commander": "^2.11.0",
      "component-webpack-plugin": "^0.2.0",
      "cross-env": "^2.0.0",
      "css-loader": "^0.26.1",
      "eslint": "^4.3.0",
      "eslint-config-airbnb": "^15.0.2",
      "eslint-loader": "^1.7.1",
      "eslint-plugin-import": "^2.2.0",
      "eslint-plugin-jsx-a11y": "^5.1.1",
      "eslint-plugin-react": "^7.1.0",
      "extract-text-webpack-plugin": "^1.0.1",
      "file-loader": "^0.8.5",
      "happypack": "^2.1.1",
      "html-webpack-plugin": "^2.16.1",
      "less": "^2.6.1",
      "less-loader": "^2.2.3",
      "path": "^0.12.7",
      "pre-commit": "^1.2.2",
      "react-hot-loader": "^3.0.0-beta.2",
      "react-transform-catch-errors": "^1.0.2",
      "react-transform-hmr": "^1.0.4",
      "redbox-react": "^1.2.10",
      "redux-devtools": "^3.3.1",
      "ssh2": "^0.5.2",
      "style-loader": "^0.13.1",
      "url-loader": "^0.5.7",
      "webpack": "^1.13.1",
      "webpack-dev-server": "^1.14.1",
      "webpack-hot-middleware": "^2.12.2",
      "webpack-md5-hash": "^0.0.5"
    }
  }

yarn manifest: 
  No manifest

Lockfile: 
  No lockfile

Trace: 
  Error: EEXIST: file already exists, mkdir '/Users/yhy/yuhaiyang/songxiaocai/erp/node_modules/acorn-jsx'
